<?xml version="1.0" encoding="UTF-8"?>
<!-- Generated by org.testng.reporters.JUnitReportReporter -->
<testsuite hostname="SWATHIKRISHNA" failures="0" tests="3" name="com.Test.Faculty.TestClassFac" time="35.113" errors="0" timestamp="2023-02-23T22:04:53 IST" skipped="0">
  <testcase classname="com.Test.Faculty.TestClassFac" name="Signupverification" time="22.648"/>
  <system-out/>
  <testcase classname="com.Test.Faculty.TestClassFac" name="Loginverification" time="12.401"/>
  <system-out/>
  <testcase classname="com.Test.Faculty.TestClassFac" name="Logoutverification" time="0.064"/>
  <system-out/>
</testsuite> <!-- com.Test.Faculty.TestClassFac -->
