<?xml version="1.0" encoding="UTF-8"?>
<!-- Generated by org.testng.reporters.JUnitReportReporter -->
<testsuite hostname="DESKTOP-MLGRFV0" failures="0" tests="4" name="com.Test.Alumni.TestClassAlumni" time="72.910" errors="0" timestamp="2023-02-25T12:39:09 IST" skipped="0">
  <testcase classname="com.Test.Alumni.TestClassAlumni" name="Signupverification" time="25.176"/>
  <system-out/>
  <testcase classname="com.Test.Alumni.TestClassAlumni" name="Loginverification" time="17.695"/>
  <system-out/>
  <testcase classname="com.Test.Alumni.TestClassAlumni" name="SearchJobVerification" time="12.342"/>
  <system-out/>
  <testcase classname="com.Test.Alumni.TestClassAlumni" name="ApplyJobVerification" time="17.697"/>
  <system-out/>
</testsuite> <!-- com.Test.Alumni.TestClassAlumni -->
