<?xml version="1.0" encoding="UTF-8"?>
<!-- Generated by org.testng.reporters.JUnitReportReporter -->
<testsuite hostname="DESKTOP-MLGRFV0" failures="0" tests="3" name="com.Test.Faculty.TestClassFac" time="34.255" errors="0" timestamp="2023-02-25T12:39:09 IST" skipped="0">
  <testcase classname="com.Test.Faculty.TestClassFac" name="Signupverification" time="21.856"/>
  <system-out/>
  <testcase classname="com.Test.Faculty.TestClassFac" name="Loginverification" time="12.323"/>
  <system-out/>
  <testcase classname="com.Test.Faculty.TestClassFac" name="Logoutverification" time="0.076"/>
  <system-out/>
</testsuite> <!-- com.Test.Faculty.TestClassFac -->
