<?xml version="1.0" encoding="UTF-8"?>
<!-- Generated by org.testng.reporters.JUnitReportReporter -->
<testsuite hostname="DESKTOP-MLGRFV0" failures="0" tests="2" name="com.Test.Visitor.TestClassVisitor" time="32.414" errors="0" timestamp="2023-02-25T12:39:09 IST" skipped="0">
  <testcase classname="com.Test.Visitor.TestClassVisitor" name="SearchJobinVisitorPage" time="19.047"/>
  <system-out/>
  <testcase classname="com.Test.Visitor.TestClassVisitor" name="JobNameSearch" time="13.367"/>
  <system-out/>
</testsuite> <!-- com.Test.Visitor.TestClassVisitor -->
