<?xml version="1.0" encoding="UTF-8"?>
<!-- Generated by org.testng.reporters.JUnitReportReporter -->
<testsuite hostname="DESKTOP-35648AA" failures="0" tests="3" name="com.Test.Faculty.TestClassFac" time="35.405" errors="0" timestamp="2023-02-25T14:22:17 GST" skipped="0">
  <testcase classname="com.Test.Faculty.TestClassFac" name="Signupverification" time="22.535"/>
  <system-out/>
  <testcase classname="com.Test.Faculty.TestClassFac" name="Loginverification" time="12.697"/>
  <system-out/>
  <testcase classname="com.Test.Faculty.TestClassFac" name="Logoutverification" time="0.173"/>
  <system-out/>
</testsuite> <!-- com.Test.Faculty.TestClassFac -->
