<?xml version="1.0" encoding="UTF-8"?>
<!-- Generated by org.testng.reporters.JUnitReportReporter -->
<<<<<<< HEAD
<testsuite hostname="DESKTOP-35648AA" failures="0" tests="2" name="com.Test.Visitor.TestClassVisitor" time="34.573" errors="0" timestamp="2023-02-25T14:22:17 GST" skipped="0">
  <testcase classname="com.Test.Visitor.TestClassVisitor" name="SearchJobinVisitorPage" time="20.277"/>
=======
<testsuite hostname="DESKTOP-MLGRFV0" failures="0" tests="2" name="com.Test.Visitor.TestClassVisitor" time="32.414" errors="0" timestamp="2023-02-25T12:39:09 IST" skipped="0">
  <testcase classname="com.Test.Visitor.TestClassVisitor" name="SearchJobinVisitorPage" time="19.047"/>
>>>>>>> branch 'master' of https://github.com/Sabusebastian/ProjectICT.git
  <system-out/>
<<<<<<< HEAD
  <testcase classname="com.Test.Visitor.TestClassVisitor" name="JobNameSearch" time="14.296"/>
=======
  <testcase classname="com.Test.Visitor.TestClassVisitor" name="JobNameSearch" time="13.367"/>
>>>>>>> branch 'master' of https://github.com/Sabusebastian/ProjectICT.git
  <system-out/>
</testsuite> <!-- com.Test.Visitor.TestClassVisitor -->
