<?xml version="1.0" encoding="UTF-8"?>
<!-- Generated by org.testng.reporters.JUnitReportReporter -->
<testsuite hostname="DESKTOP-MLGRFV0" failures="0" tests="2" name="com.Test.Employer.TestClassEmployer" time="30.762" errors="0" timestamp="2023-02-27T14:26:13 IST" skipped="0">
  <testcase classname="com.Test.Employer.TestClassEmployer" name="LoginVerfication" time="22.573"/>
  <system-out/>
  <testcase classname="com.Test.Employer.TestClassEmployer" name="CreateNewPostWithBlankFields" time="8.189"/>
  <system-out/>
</testsuite> <!-- com.Test.Employer.TestClassEmployer -->
