<?xml version="1.0" encoding="UTF-8"?>
<!-- Generated by org.testng.reporters.JUnitReportReporter -->
<testsuite hostname="DESKTOP-35648AA" failures="0" tests="2" name="com.Test.Visitor.TestClassVisitor" time="34.573" errors="0" timestamp="2023-02-25T14:22:17 GST" skipped="0">
  <testcase classname="com.Test.Visitor.TestClassVisitor" name="SearchJobinVisitorPage" time="20.277"/>
  <system-out/>
  <testcase classname="com.Test.Visitor.TestClassVisitor" name="JobNameSearch" time="14.296"/>
  <system-out/>
</testsuite> <!-- com.Test.Visitor.TestClassVisitor -->
