<?xml version="1.0" encoding="UTF-8"?>
<!-- Generated by org.testng.reporters.JUnitReportReporter -->
<testsuite hostname="DESKTOP-35648AA" failures="0" tests="6" name="com.Test.Employer.TestClassEmployer" time="105.024" errors="0" timestamp="2023-02-25T14:22:17 GST" skipped="0">
  <testcase classname="com.Test.Employer.TestClassEmployer" name="SignupVerification" time="12.657"/>
  <system-out/>
  <testcase classname="com.Test.Employer.TestClassEmployer" name="LoginVerfication" time="21.578"/>
  <system-out/>
  <testcase classname="com.Test.Employer.TestClassEmployer" name="CreateNewPostVerification" time="23.443"/>
  <system-out/>
  <testcase classname="com.Test.Employer.TestClassEmployer" name="EditPostVerification" time="25.539"/>
  <system-out/>
  <testcase classname="com.Test.Employer.TestClassEmployer" name="ViewResumeVerification" time="13.456"/>
  <system-out/>
  <testcase classname="com.Test.Employer.TestClassEmployer" name="LogOutVerification" time="8.351"/>
  <system-out/>
</testsuite> <!-- com.Test.Employer.TestClassEmployer -->
