<?xml version="1.0" encoding="UTF-8"?>
<!-- Generated by org.testng.reporters.JUnitReportReporter -->
<testsuite hostname="DESKTOP-MLGRFV0" failures="0" tests="6" name="com.Test.Employer.TestClassEmployer" time="98.195" errors="0" timestamp="2023-02-25T12:39:09 IST" skipped="0">
  <testcase classname="com.Test.Employer.TestClassEmployer" name="SignupVerification" time="11.461"/>
  <system-out/>
  <testcase classname="com.Test.Employer.TestClassEmployer" name="LoginVerfication" time="20.828"/>
  <system-out/>
  <testcase classname="com.Test.Employer.TestClassEmployer" name="CreateNewPostVerification" time="19.679"/>
  <system-out/>
  <testcase classname="com.Test.Employer.TestClassEmployer" name="EditPostVerification" time="24.818"/>
  <system-out/>
  <testcase classname="com.Test.Employer.TestClassEmployer" name="ViewResumeVerification" time="13.248"/>
  <system-out/>
  <testcase classname="com.Test.Employer.TestClassEmployer" name="LogOutVerification" time="8.161"/>
  <system-out/>
</testsuite> <!-- com.Test.Employer.TestClassEmployer -->
