<?xml version="1.0" encoding="UTF-8"?>
<!-- Generated by org.testng.reporters.JUnitReportReporter -->
<testsuite hostname="SWATHIKRISHNA" failures="0" tests="2" name="com.Test.Visitor.TestClassVisitor" time="30.970" errors="0" timestamp="2023-02-23T16:11:08 IST" skipped="0">
  <testcase classname="com.Test.Visitor.TestClassVisitor" name="SearchJobinVisitorPage" time="17.747"/>
  <system-out/>
  <testcase classname="com.Test.Visitor.TestClassVisitor" name="JobNameSearch" time="13.223"/>
  <system-out/>
</testsuite> <!-- com.Test.Visitor.TestClassVisitor -->
