<?xml version="1.0" encoding="UTF-8"?>
<!-- Generated by org.testng.reporters.JUnitReportReporter -->
<testsuite hostname="SWATHIKRISHNA" failures="0" tests="6" name="com.Test.Employer.TestClassEmployer" time="97.199" errors="0" timestamp="2023-02-24T15:21:25 IST" skipped="0">
  <testcase classname="com.Test.Employer.TestClassEmployer" name="SignupVerification" time="12.114"/>
  <system-out/>
  <testcase classname="com.Test.Employer.TestClassEmployer" name="LoginVerfication" time="20.530"/>
  <system-out/>
  <testcase classname="com.Test.Employer.TestClassEmployer" name="CreateNewPostVerification" time="19.312"/>
  <system-out/>
  <testcase classname="com.Test.Employer.TestClassEmployer" name="EditPostVerification" time="23.895"/>
  <system-out/>
  <testcase classname="com.Test.Employer.TestClassEmployer" name="ViewResumeVerification" time="13.206"/>
  <system-out/>
  <testcase classname="com.Test.Employer.TestClassEmployer" name="LogOutVerification" time="8.142"/>
  <system-out/>
</testsuite> <!-- com.Test.Employer.TestClassEmployer -->
